<?xml version="1.0" encoding="UTF-8"?>
<!-- Generated by org.testng.reporters.JUnitReportReporter -->
<testsuite hostname="LP-5CD151GGFP" failures="0" tests="2" name="com.packageOne.DemoTest" time="0.008" errors="0" timestamp="2022-04-23T21:15:15 IST" skipped="0">
  <testcase classname="com.packageOne.DemoTest" name="m2" time="0.001"/>
  <system-out/>
  <testcase classname="com.packageOne.DemoTest" name="m1" time="0.007"/>
  <system-out/>
</testsuite> <!-- com.packageOne.DemoTest -->
